<?xml version="1.0" encoding="UTF-8"?>
<testsuite name="com.thoughtworks.collection.StreamSupplementTest" tests="1" skipped="0" failures="0" errors="0" timestamp="2022-09-01T01:34:57" hostname="MNLITA03-W10" time="0.034">
  <properties/>
  <testcase name="should_return_max_value()" classname="com.thoughtworks.collection.StreamSupplementTest" time="0.034"/>
  <system-out><![CDATA[]]></system-out>
  <system-err><![CDATA[]]></system-err>
</testsuite>
