<?xml version="1.0" encoding="UTF-8"?>
<testsuite name="com.thoughtworks.collection.StreamFilterTest" tests="1" skipped="0" failures="0" errors="0" timestamp="2022-08-31T04:20:06" hostname="MNLITA03-W10" time="0.03">
  <properties/>
  <testcase name="should_return_even()" classname="com.thoughtworks.collection.StreamFilterTest" time="0.03"/>
  <system-out><![CDATA[]]></system-out>
  <system-err><![CDATA[]]></system-err>
</testsuite>
